0 info it worked if it ends with ok
1 verbose cli [ '/usr/bin/nodejs', '/usr/bin/npm', 'start' ]
2 info using npm@3.5.2
3 info using node@v4.7.2
4 verbose run-script [ 'prestart', 'start', 'poststart' ]
5 info lifecycle antsword@1.3.0~prestart: antsword@1.3.0
6 silly lifecycle antsword@1.3.0~prestart: no script for prestart, continuing
7 info lifecycle antsword@1.3.0~start: antsword@1.3.0
8 verbose lifecycle antsword@1.3.0~start: unsafe-perm in lifecycle true
9 verbose lifecycle antsword@1.3.0~start: PATH: /usr/share/npm/bin/node-gyp-bin:/opt/WebSecurity/tools/remote_manager/antSword/node_modules/.bin:/usr/local/sbin:/usr/local/bin:/usr/sbin:/usr/bin:/sbin:/bin:/usr/games:/usr/local/games:/root/.go/bin
10 verbose lifecycle antsword@1.3.0~start: CWD: /opt/WebSecurity/tools/remote_manager/antSword
11 silly lifecycle antsword@1.3.0~start: Args: [ '-c', 'electron app.js' ]
12 silly lifecycle antsword@1.3.0~start: Returned: code: 1  signal: null
13 info lifecycle antsword@1.3.0~start: Failed to exec start script
14 verbose stack Error: antsword@1.3.0 start: `electron app.js`
14 verbose stack Exit status 1
14 verbose stack     at EventEmitter.<anonymous> (/usr/share/npm/lib/utils/lifecycle.js:232:16)
14 verbose stack     at emitTwo (events.js:87:13)
14 verbose stack     at EventEmitter.emit (events.js:172:7)
14 verbose stack     at ChildProcess.<anonymous> (/usr/share/npm/lib/utils/spawn.js:24:14)
14 verbose stack     at emitTwo (events.js:87:13)
14 verbose stack     at ChildProcess.emit (events.js:172:7)
14 verbose stack     at maybeClose (internal/child_process.js:854:16)
14 verbose stack     at Process.ChildProcess._handle.onexit (internal/child_process.js:222:5)
15 verbose pkgid antsword@1.3.0
16 verbose cwd /opt/WebSecurity/tools/remote_manager/antSword
17 error Linux 4.10.0-35-generic
18 error argv "/usr/bin/nodejs" "/usr/bin/npm" "start"
19 error node v4.7.2
20 error npm  v3.5.2
21 error code ELIFECYCLE
22 error antsword@1.3.0 start: `electron app.js`
22 error Exit status 1
23 error Failed at the antsword@1.3.0 start script 'electron app.js'.
23 error Make sure you have the latest version of node.js and npm installed.
23 error If you do, this is most likely a problem with the antsword package,
23 error not with npm itself.
23 error Tell the author that this fails on your system:
23 error     electron app.js
23 error You can get information on how to open an issue for this project with:
23 error     npm bugs antsword
23 error Or if that isn't available, you can get their info via:
23 error     npm owner ls antsword
23 error There is likely additional logging output above.
24 verbose exit [ 1, true ]
